<?xml version="1.0" encoding="UTF-8"?>
<testng-results ignored="0" total="1" passed="1" failed="0" skipped="0">
  <reporter-output>
  </reporter-output>
  <suite started-at="2021-08-17T13:03:43 IST" name="E-Banking" finished-at="2021-08-17T13:04:03 IST" duration-ms="19590">
    <groups>
    </groups>
    <test started-at="2021-08-17T13:03:43 IST" name="LoginTest" finished-at="2021-08-17T13:04:03 IST" duration-ms="19590">
      <class name="inetbanking_application_v1_testcases.TestCase_001">
        <test-method is-config="true" signature="setup(java.lang.String)[pri:0, instance:inetbanking_application_v1_testcases.TestCase_001@74294adb]" started-at="2021-08-17T13:03:44 IST" name="setup" finished-at="2021-08-17T13:03:49 IST" duration-ms="4977" status="PASS">
          <params>
            <param index="0">
              <value>
                <![CDATA[chrome]]>
              </value>
            </param>
          </params>
          <reporter-output>
          </reporter-output>
        </test-method> <!-- setup -->
        <test-method signature="LoginTest()[pri:0, instance:inetbanking_application_v1_testcases.TestCase_001@74294adb]" started-at="2021-08-17T13:03:49 IST" name="LoginTest" finished-at="2021-08-17T13:04:03 IST" duration-ms="14235" status="PASS">
          <reporter-output>
          </reporter-output>
        </test-method> <!-- LoginTest -->
        <test-method is-config="true" signature="close()[pri:0, instance:inetbanking_application_v1_testcases.TestCase_001@74294adb]" started-at="2021-08-17T13:04:03 IST" name="close" finished-at="2021-08-17T13:04:03 IST" duration-ms="46" status="PASS">
          <reporter-output>
          </reporter-output>
        </test-method> <!-- close -->
      </class> <!-- inetbanking_application_v1_testcases.TestCase_001 -->
    </test> <!-- LoginTest -->
  </suite> <!-- E-Banking -->
</testng-results>
