<?xml version="1.0" encoding="UTF-8"?>
<testng-results ignored="0" total="1" passed="1" failed="0" skipped="0">
  <reporter-output>
  </reporter-output>
  <suite started-at="2021-08-17T11:49:55 IST" name="E-Banking" finished-at="2021-08-17T11:50:15 IST" duration-ms="19289">
    <groups>
    </groups>
    <test started-at="2021-08-17T11:49:55 IST" name="LoginTest" finished-at="2021-08-17T11:50:15 IST" duration-ms="19289">
      <class name="inetbanking_application_v1_testcases.TestCase_001">
        <test-method is-config="true" signature="setup(java.lang.String)[pri:0, instance:inetbanking_application_v1_testcases.TestCase_001@12e61fe6]" started-at="2021-08-17T11:49:56 IST" name="setup" finished-at="2021-08-17T11:50:02 IST" duration-ms="6152" status="PASS">
          <params>
            <param index="0">
              <value>
                <![CDATA[chrome]]>
              </value>
            </param>
          </params>
          <reporter-output>
          </reporter-output>
        </test-method> <!-- setup -->
        <test-method signature="LoginTest()[pri:0, instance:inetbanking_application_v1_testcases.TestCase_001@12e61fe6]" started-at="2021-08-17T11:50:02 IST" name="LoginTest" finished-at="2021-08-17T11:50:15 IST" duration-ms="12729" status="PASS">
          <reporter-output>
          </reporter-output>
        </test-method> <!-- LoginTest -->
        <test-method is-config="true" signature="close()[pri:0, instance:inetbanking_application_v1_testcases.TestCase_001@12e61fe6]" started-at="2021-08-17T11:50:15 IST" name="close" finished-at="2021-08-17T11:50:15 IST" duration-ms="66" status="PASS">
          <reporter-output>
          </reporter-output>
        </test-method> <!-- close -->
      </class> <!-- inetbanking_application_v1_testcases.TestCase_001 -->
    </test> <!-- LoginTest -->
  </suite> <!-- E-Banking -->
</testng-results>
